<?xml version="1.0" encoding="UTF-8"?>
<!-- Generated by org.testng.reporters.JUnitReportReporter -->
<testsuite skipped="0" hostname="LAPTOP-MHBR2HPR" name="Academy.ValidateTitle" tests="1" failures="1" timestamp="25 May 2020 11:33:49 GMT" time="2.511" errors="0">
  <testcase name="basePageNavigation" time="2.511" classname="Academy.ValidateTitle">
    <failure type="junit.framework.ComparisonFailure" message="expected:&lt;FEATURED COURSES[]&gt; but was:&lt;FEATURED COURSES[123]&gt;">
      <![CDATA[junit.framework.ComparisonFailure: expected:<FEATURED COURSES[]> but was:<FEATURED COURSES[123]>
at junit.framework.Assert.assertEquals(Assert.java:100)
at junit.framework.Assert.assertEquals(Assert.java:107)
at Academy.ValidateTitle.basePageNavigation(ValidateTitle.java:37)
at sun.reflect.NativeMethodAccessorImpl.invoke0(Native Method)
at sun.reflect.NativeMethodAccessorImpl.invoke(NativeMethodAccessorImpl.java:62)
at sun.reflect.DelegatingMethodAccessorImpl.invoke(DelegatingMethodAccessorImpl.java:43)
at java.lang.reflect.Method.invoke(Method.java:498)
at org.testng.internal.MethodInvocationHelper.invokeMethod(MethodInvocationHelper.java:124)
at org.testng.internal.Invoker.invokeMethod(Invoker.java:583)
at org.testng.internal.Invoker.invokeTestMethod(Invoker.java:719)
at org.testng.internal.Invoker.invokeTestMethods(Invoker.java:989)
at org.testng.internal.TestMethodWorker.invokeTestMethods(TestMethodWorker.java:125)
at org.testng.internal.TestMethodWorker.run(TestMethodWorker.java:109)
at org.testng.TestRunner.privateRun(TestRunner.java:648)
at org.testng.TestRunner.run(TestRunner.java:505)
at org.testng.SuiteRunner.runTest(SuiteRunner.java:455)
at org.testng.SuiteRunner.access$000(SuiteRunner.java:40)
at org.testng.SuiteRunner$SuiteWorker.run(SuiteRunner.java:489)
at org.testng.internal.thread.ThreadUtil$1.call(ThreadUtil.java:52)
at java.util.concurrent.FutureTask.run(FutureTask.java:266)
at java.util.concurrent.ThreadPoolExecutor.runWorker(ThreadPoolExecutor.java:1149)
at java.util.concurrent.ThreadPoolExecutor$Worker.run(ThreadPoolExecutor.java:624)
at java.lang.Thread.run(Thread.java:748)
]]>
    </failure>
  </testcase> <!-- basePageNavigation -->
</testsuite> <!-- Academy.ValidateTitle -->
