<?xml version="1.0" encoding="UTF-8"?>
<!-- Generated by org.testng.reporters.JUnitReportReporter -->
<testsuite skipped="0" hostname="LAPTOP-MHBR2HPR" name="Academy.ValidateNavigationBar" tests="1" failures="0" timestamp="25 May 2020 11:33:49 GMT" time="3.035" errors="0">
  <testcase name="basePageNavigation" time="3.035" classname="Academy.ValidateNavigationBar"/>
</testsuite> <!-- Academy.ValidateNavigationBar -->
