<?xml version="1.0" encoding="UTF-8"?>
<!-- Generated by org.testng.reporters.JUnitReportReporter -->
<testsuite skipped="0" hostname="LAPTOP-MHBR2HPR" name="Academy.HomePage" tests="2" failures="0" timestamp="25 May 2020 11:33:49 GMT" time="51.302" errors="0">
  <testcase name="basePageNavigation" time="31.667" classname="Academy.HomePage"/>
  <testcase name="basePageNavigation" time="19.635" classname="Academy.HomePage"/>
</testsuite> <!-- Academy.HomePage -->
