<?xml version="1.0" encoding="UTF-8"?>
<!-- Generated by org.testng.reporters.JUnitReportReporter -->
<testsuite skipped="0" hostname="LAPTOP-MHBR2HPR" name="Academy.ValidateNavigationBar" tests="1" failures="0" timestamp="21 Jun 2020 21:03:17 GMT" time="4.195" errors="0">
  <testcase name="basePageNavigation" time="4.195" classname="Academy.ValidateNavigationBar"/>
</testsuite> <!-- Academy.ValidateNavigationBar -->
