<?xml version="1.0" encoding="UTF-8"?>
<!-- Generated by org.testng.reporters.JUnitReportReporter -->
<testsuite skipped="0" hostname="LAPTOP-MHBR2HPR" name="Academy.ValidateNavigationBar" tests="1" failures="0" timestamp="24 May 2020 13:46:49 GMT" time="2.261" errors="0">
  <testcase name="basePageNavigation" time="2.261" classname="Academy.ValidateNavigationBar"/>
</testsuite> <!-- Academy.ValidateNavigationBar -->
