<?xml version="1.0" encoding="UTF-8"?>
<!-- Generated by org.testng.reporters.JUnitReportReporter -->
<testsuite skipped="0" hostname="LAPTOP-MHBR2HPR" name="Academy.HomePage" tests="2" failures="0" timestamp="21 Jun 2020 21:03:17 GMT" time="36.358" errors="0">
  <testcase name="basePageNavigation" time="21.951" classname="Academy.HomePage"/>
  <testcase name="basePageNavigation" time="14.407" classname="Academy.HomePage"/>
</testsuite> <!-- Academy.HomePage -->
