<?xml version="1.0" encoding="UTF-8"?>
<!-- Generated by org.testng.reporters.JUnitReportReporter -->
<testsuite skipped="0" hostname="LAPTOP-MHBR2HPR" name="Academy.HomePage" tests="2" failures="0" timestamp="24 May 2020 13:46:49 GMT" time="33.362" errors="0">
  <testcase name="basePageNavigation" time="19.068" classname="Academy.HomePage"/>
  <testcase name="basePageNavigation" time="14.294" classname="Academy.HomePage"/>
</testsuite> <!-- Academy.HomePage -->
